Thu 14 Sep 2023 05:03:35 PM UTC: 
 tests:  1|8
total_score: 0/70
5a3b776
Thu 14 Sep 2023 05:13:37 PM UTC: 
 treemap.c | 16 +++++++++++++---
 1 file changed, 13 insertions(+), 3 deletions(-)
 tests:  4|7
total_score: 5/70
e526c2e
Thu 14 Sep 2023 05:51:50 PM UTC: 
 treemap.c | 29 ++++++++++++++---------------
 1 file changed, 14 insertions(+), 15 deletions(-)
In file included from test.c:4:
treemap.c: In function ‘searchTreeMap’:
treemap.c:76:3: error: unknown type name ‘treeNode’; did you mean ‘TreeNode’?
   76 |   treeNode* currenNode = tree -> root;
      |   ^~~~~~~~
      |   TreeNode
treemap.c:76:26: error: initialization of ‘int *’ from incompatible pointer type ‘TreeNode *’ [-Werror=incompatible-pointer-types]
   76 |   treeNode* currenNode = tree -> root;
      |                          ^~~~
treemap.c:77:9: error: ‘currendNode’ undeclared (first use in this function); did you mean ‘currenNode’?
   77 |   while(currendNode != NULL)
      |         ^~~~~~~~~~~
      |         currenNode
treemap.c:77:9: note: each undeclared identifier is reported only once for each function it appears in
treemap.c:76:13: error: unused variable ‘currenNode’ [-Werror=unused-variable]
   76 |   treeNode* currenNode = tree -> root;
      |             ^~~~~~~~~~
cc1: all warnings being treated as errors
Compilation failed
8deee15
Thu 14 Sep 2023 05:54:54 PM UTC: 
 treemap.c | 2 +-
 1 file changed, 1 insertion(+), 1 deletion(-)
In file included from test.c:4:
treemap.c: In function ‘searchTreeMap’:
treemap.c:76:3: error: unknown type name ‘treeNode’; did you mean ‘TreeNode’?
   76 |   treeNode* currenNode = tree -> root;
      |   ^~~~~~~~
      |   TreeNode
treemap.c:76:26: error: initialization of ‘int *’ from incompatible pointer type ‘TreeNode *’ [-Werror=incompatible-pointer-types]
   76 |   treeNode* currenNode = tree -> root;
      |                          ^~~~
treemap.c:77:9: error: ‘currendNode’ undeclared (first use in this function); did you mean ‘currenNode’?
   77 |   while(currendNode != NULL)
      |         ^~~~~~~~~~~
      |         currenNode
treemap.c:77:9: note: each undeclared identifier is reported only once for each function it appears in
treemap.c:79:43: error: ‘currentNode’ undeclared (first use in this function); did you mean ‘currenNode’?
   79 |       int valor = tree -> lower_than(key, currentNode -> pair -> key);
      |                                           ^~~~~~~~~~~
      |                                           currenNode
treemap.c:79:11: error: unused variable ‘valor’ [-Werror=unused-variable]
   79 |       int valor = tree -> lower_than(key, currentNode -> pair -> key);
      |           ^~~~~
treemap.c:76:13: error: unused variable ‘currenNode’ [-Werror=unused-variable]
   76 |   treeNode* currenNode = tree -> root;
      |             ^~~~~~~~~~
cc1: all warnings being treated as errors
Compilation failed
cb70e63
Thu 14 Sep 2023 05:56:13 PM UTC: 
 treemap.c | 6 ++++++
 1 file changed, 6 insertions(+)
In file included from test.c:4:
treemap.c: In function ‘searchTreeMap’:
treemap.c:76:3: error: unknown type name ‘treeNode’; did you mean ‘TreeNode’?
   76 |   treeNode* currenNode = tree -> root;
      |   ^~~~~~~~
      |   TreeNode
treemap.c:76:26: error: initialization of ‘int *’ from incompatible pointer type ‘TreeNode *’ [-Werror=incompatible-pointer-types]
   76 |   treeNode* currenNode = tree -> root;
      |                          ^~~~
treemap.c:77:9: error: ‘currendNode’ undeclared (first use in this function); did you mean ‘currenNode’?
   77 |   while(currendNode != NULL)
      |         ^~~~~~~~~~~
      |         currenNode
treemap.c:77:9: note: each undeclared identifier is reported only once for each function it appears in
treemap.c:79:43: error: ‘currentNode’ undeclared (first use in this function); did you mean ‘currenNode’?
   79 |       int valor = tree -> lower_than(key, currentNode -> pair -> key);
      |                                           ^~~~~~~~~~~
      |                                           currenNode
treemap.c:82:38: error: expected ‘;’ before ‘return’
   82 |         tree -> current = currentNode
      |                                      ^
      |                                      ;
   83 |           return currentNode -> pair;
      |           ~~~~~~                      
treemap.c:76:13: error: unused variable ‘currenNode’ [-Werror=unused-variable]
   76 |   treeNode* currenNode = tree -> root;
      |             ^~~~~~~~~~
cc1: all warnings being treated as errors
Compilation failed
73f07a5
Thu 14 Sep 2023 05:58:53 PM UTC: 
 treemap.c | 17 +++++++++++++----
 1 file changed, 13 insertions(+), 4 deletions(-)
In file included from test.c:4:
treemap.c: In function ‘searchTreeMap’:
treemap.c:76:3: error: unknown type name ‘treeNode’; did you mean ‘TreeNode’?
   76 |   treeNode* currenNode = tree -> root;
      |   ^~~~~~~~
      |   TreeNode
treemap.c:76:26: error: initialization of ‘int *’ from incompatible pointer type ‘TreeNode *’ [-Werror=incompatible-pointer-types]
   76 |   treeNode* currenNode = tree -> root;
      |                          ^~~~
treemap.c:77:9: error: ‘currendNode’ undeclared (first use in this function); did you mean ‘currenNode’?
   77 |   while(currendNode != NULL)
      |         ^~~~~~~~~~~
      |         currenNode
treemap.c:77:9: note: each undeclared identifier is reported only once for each function it appears in
treemap.c:79:43: error: ‘currentNode’ undeclared (first use in this function); did you mean ‘currenNode’?
   79 |       int talla = tree -> lower_than(key, currentNode -> pair -> key);
      |                                           ^~~~~~~~~~~
      |                                           currenNode
treemap.c:82:38: error: expected ‘;’ before ‘return’
   82 |         tree -> current = currentNode
      |                                      ^
      |                                      ;
   83 |           return currentNode -> pair;
      |           ~~~~~~                      
treemap.c:76:13: error: unused variable ‘currenNode’ [-Werror=unused-variable]
   76 |   treeNode* currenNode = tree -> root;
      |             ^~~~~~~~~~
cc1: all warnings being treated as errors
Compilation failed
8db4f10
Thu 14 Sep 2023 05:59:24 PM UTC: 
 treemap.c | 2 +-
 1 file changed, 1 insertion(+), 1 deletion(-)
In file included from test.c:4:
treemap.c: In function ‘searchTreeMap’:
treemap.c:76:3: error: unknown type name ‘treeNode’; did you mean ‘TreeNode’?
   76 |   treeNode* currentNode = tree -> root;
      |   ^~~~~~~~
      |   TreeNode
treemap.c:76:27: error: initialization of ‘int *’ from incompatible pointer type ‘TreeNode *’ [-Werror=incompatible-pointer-types]
   76 |   treeNode* currentNode = tree -> root;
      |                           ^~~~
treemap.c:77:9: error: ‘currendNode’ undeclared (first use in this function); did you mean ‘currentNode’?
   77 |   while(currendNode != NULL)
      |         ^~~~~~~~~~~
      |         currentNode
treemap.c:77:9: note: each undeclared identifier is reported only once for each function it appears in
treemap.c:79:55: error: request for member ‘pair’ in something not a structure or union
   79 |       int talla = tree -> lower_than(key, currentNode -> pair -> key);
      |                                                       ^~
treemap.c:82:25: error: assignment to ‘TreeNode *’ from incompatible pointer type ‘int *’ [-Werror=incompatible-pointer-types]
   82 |         tree -> current = currentNode
      |                         ^
treemap.c:82:38: error: expected ‘;’ before ‘return’
   82 |         tree -> current = currentNode
      |                                      ^
      |                                      ;
   83 |           return currentNode -> pair;
      |           ~~~~~~                      
treemap.c:89:37: error: request for member ‘left’ in something not a structure or union
   89 |           currentNode = currentNode -> left;
      |                                     ^~
treemap.c:93:37: error: request for member ‘right’ in something not a structure or union
   93 |           currentNode = currentNode -> right;
      |                                     ^~
cc1: all warnings being treated as errors
Compilation failed
4d7216a
Thu 14 Sep 2023 05:59:35 PM UTC: 
 treemap.c | 2 +-
 1 file changed, 1 insertion(+), 1 deletion(-)
In file included from test.c:4:
treemap.c: In function ‘searchTreeMap’:
treemap.c:76:3: error: unknown type name ‘treeNode’; did you mean ‘TreeNode’?
   76 |   treeNode* currentNode = tree -> root;
      |   ^~~~~~~~
      |   TreeNode
treemap.c:76:27: error: initialization of ‘int *’ from incompatible pointer type ‘TreeNode *’ [-Werror=incompatible-pointer-types]
   76 |   treeNode* currentNode = tree -> root;
      |                           ^~~~
treemap.c:79:55: error: request for member ‘pair’ in something not a structure or union
   79 |       int talla = tree -> lower_than(key, currentNode -> pair -> key);
      |                                                       ^~
treemap.c:82:25: error: assignment to ‘TreeNode *’ from incompatible pointer type ‘int *’ [-Werror=incompatible-pointer-types]
   82 |         tree -> current = currentNode
      |                         ^
treemap.c:82:38: error: expected ‘;’ before ‘return’
   82 |         tree -> current = currentNode
      |                                      ^
      |                                      ;
   83 |           return currentNode -> pair;
      |           ~~~~~~                      
treemap.c:89:37: error: request for member ‘left’ in something not a structure or union
   89 |           currentNode = currentNode -> left;
      |                                     ^~
treemap.c:93:37: error: request for member ‘right’ in something not a structure or union
   93 |           currentNode = currentNode -> right;
      |                                     ^~
cc1: all warnings being treated as errors
Compilation failed
52204bd
Thu 14 Sep 2023 06:03:27 PM UTC: 
 treemap.c | 2 +-
 1 file changed, 1 insertion(+), 1 deletion(-)
In file included from test.c:4:
treemap.c: In function ‘searchTreeMap’:
treemap.c:76:3: error: unknown type name ‘treeNode’; did you mean ‘TreeNode’?
   76 |   treeNode* currentNode = tree -> root;
      |   ^~~~~~~~
      |   TreeNode
treemap.c:76:27: error: initialization of ‘int *’ from incompatible pointer type ‘TreeNode *’ [-Werror=incompatible-pointer-types]
   76 |   treeNode* currentNode = tree -> root;
      |                           ^~~~
treemap.c:79:55: error: request for member ‘pair’ in something not a structure or union
   79 |       int talla = tree -> lower_than(key, currentNode -> pair -> key);
      |                                                       ^~
treemap.c:82:25: error: assignment to ‘TreeNode *’ from incompatible pointer type ‘int *’ [-Werror=incompatible-pointer-types]
   82 |         tree -> current = currentNode;
      |                         ^
treemap.c:83:30: error: request for member ‘pair’ in something not a structure or union
   83 |           return currentNode -> pair;
      |                              ^~
treemap.c:89:37: error: request for member ‘left’ in something not a structure or union
   89 |           currentNode = currentNode -> left;
      |                                     ^~
treemap.c:93:37: error: request for member ‘right’ in something not a structure or union
   93 |           currentNode = currentNode -> right;
      |                                     ^~
cc1: all warnings being treated as errors
Compilation failed
3775492
Thu 14 Sep 2023 06:03:52 PM UTC: 
 treemap.c | 2 +-
 1 file changed, 1 insertion(+), 1 deletion(-)
 tests:  6|7
total_score: 5/70
a2046df
Thu 14 Sep 2023 06:05:43 PM UTC: 
 treemap.c | 30 ++++++++++++------------------
 1 file changed, 12 insertions(+), 18 deletions(-)
 tests:  6|7
total_score: 5/70
7dc18a8
Thu 14 Sep 2023 06:11:28 PM UTC: 
 treemap.c | 39 +++++++++++++++++++++++++++------------
 1 file changed, 27 insertions(+), 12 deletions(-)
 tests:  8|6
total_score: 5/70
5eca6dd
Thu 14 Sep 2023 06:21:21 PM UTC: 
 treemap.c | 32 ++++++++++++++++++++++++++++++++
 1 file changed, 32 insertions(+)
 tests:  7|6
total_score: 5/70
7d086d2
Thu 14 Sep 2023 06:27:23 PM UTC: 
 treemap.c | 3 +++
 1 file changed, 3 insertions(+)
 tests:  7|6
total_score: 5/70
e493ade
Thu 14 Sep 2023 06:28:39 PM UTC: 
 treemap.c | 5 +----
 1 file changed, 1 insertion(+), 4 deletions(-)
In file included from test.c:4:
treemap.c: In function ‘createTreeMap’:
treemap.c:51:3: error: ‘new’ undeclared (first use in this function)
   51 |   new->lower_than = lower_than;
      |   ^~~
treemap.c:51:3: note: each undeclared identifier is reported only once for each function it appears in
Compilation failed
a76a1a1
Thu 14 Sep 2023 06:28:47 PM UTC: 
 treemap.c | 2 +-
 1 file changed, 1 insertion(+), 1 deletion(-)
 tests:  7|6
total_score: 5/70
199006b
Thu 14 Sep 2023 06:32:37 PM UTC: 
 treemap.c | 10 ++++++++++
 1 file changed, 10 insertions(+)
In file included from test.c:4:
treemap.c: In function ‘insertTreeMap’:
treemap.c:76:11: error: expected ‘(’ before ‘{’ token
   76 |           {
      |           ^
      |           (
Compilation failed
3c07736
Thu 14 Sep 2023 06:33:15 PM UTC: 
 treemap.c | 2 +-
 1 file changed, 1 insertion(+), 1 deletion(-)
 tests:  0|0
0827b20
Thu 14 Sep 2023 06:33:58 PM UTC: 
 treemap.c | 4 ++--
 1 file changed, 2 insertions(+), 2 deletions(-)
In file included from test.c:4:
treemap.c: In function ‘insertTreeMap’:
treemap.c:69:36: error: ‘current’ undeclared (first use in this function)
   69 |         if(tree -> lower_than(key, current -> pair -> key))
      |                                    ^~~~~~~
treemap.c:69:36: note: each undeclared identifier is reported only once for each function it appears in
Compilation failed
c24165b
Thu 14 Sep 2023 06:34:38 PM UTC: 
 treemap.c | 4 ++--
 1 file changed, 2 insertions(+), 2 deletions(-)
 tests:  0|0
ef8057c
Thu 14 Sep 2023 06:35:29 PM UTC: 
 treemap.c | 1 +
 1 file changed, 1 insertion(+)
 tests:  0|0
1ee6434
Thu 14 Sep 2023 06:35:40 PM UTC: 
 treemap.c | 3 ---
 1 file changed, 3 deletions(-)
 tests:  10|5
total_score: 15/70
1db400f
Thu 14 Sep 2023 06:37:05 PM UTC: 
 treemap.c | 2 +-
 1 file changed, 1 insertion(+), 1 deletion(-)
 tests:  10|5
total_score: 15/70
8fa15e4
Thu 14 Sep 2023 06:38:29 PM UTC: 
 treemap.c | 2 +-
 1 file changed, 1 insertion(+), 1 deletion(-)
 tests:  10|5
total_score: 15/70
524b572
Thu 14 Sep 2023 06:38:38 PM UTC: 
 treemap.c | 2 +-
 1 file changed, 1 insertion(+), 1 deletion(-)
 tests:  10|5
total_score: 15/70
c7fd2a0
Thu 14 Sep 2023 06:42:12 PM UTC: 
 treemap.c | 2 +-
 1 file changed, 1 insertion(+), 1 deletion(-)
In file included from test.c:4:
treemap.c: In function ‘searchTreeMap’:
treemap.c:145:10: error: returning ‘TreeNode *’ from a function with incompatible return type ‘Pair *’ [-Werror=incompatible-pointer-types]
  145 |   return currentNode;
      |          ^~~~~~~~~~~
cc1: all warnings being treated as errors
Compilation failed
f6e0887
Thu 14 Sep 2023 06:43:04 PM UTC: 
 treemap.c | 2 +-
 1 file changed, 1 insertion(+), 1 deletion(-)
 tests:  10|5
total_score: 15/70
e076a59
Thu 14 Sep 2023 06:49:03 PM UTC: 
 treemap.c | 9 ++++++---
 1 file changed, 6 insertions(+), 3 deletions(-)
 tests:  10|5
total_score: 15/70
21306bd
Thu 14 Sep 2023 06:49:28 PM UTC: 
 treemap.c | 4 ++++
 1 file changed, 4 insertions(+)
 tests:  10|5
total_score: 15/70
998cc53
Thu 14 Sep 2023 07:03:47 PM UTC: 
 treemap.c | 9 +--------
 1 file changed, 1 insertion(+), 8 deletions(-)
 tests:  12|5
total_score: 15/70
4ad8797
Thu 14 Sep 2023 07:04:09 PM UTC: 
 treemap.c | 2 +-
 1 file changed, 1 insertion(+), 1 deletion(-)
 tests:  10|5
total_score: 15/70
814e360
Fri 15 Sep 2023 08:04:22 PM UTC: 
 treemap.c | 17 ++++-------------
 1 file changed, 4 insertions(+), 13 deletions(-)
In file included from test.c:4:
treemap.c: In function ‘searchTreeMap’:
treemap.c:135:1: error: control reaches end of non-void function [-Werror=return-type]
  135 | }
      | ^
cc1: all warnings being treated as errors
Compilation failed
113831a
Fri 15 Sep 2023 08:07:28 PM UTC: 
 treemap.c | 13 +++++++++++++
 1 file changed, 13 insertions(+)
 tests:  10|5
total_score: 15/70
d7ab1ef
Fri 15 Sep 2023 08:08:44 PM UTC: 
 treemap.c | 32 ++++++++++++++++----------------
 1 file changed, 16 insertions(+), 16 deletions(-)
 tests:  10|5
total_score: 15/70
2ce0e04
Fri 15 Sep 2023 08:21:49 PM UTC: 
 treemap.c | 47 ++++++++++++++++++++++++++++-------------------
 1 file changed, 28 insertions(+), 19 deletions(-)
In file included from test.c:4:
treemap.c: In function ‘searchTreeMap’:
treemap.c:148:1: error: expected ‘;’ before ‘}’ token
  148 | }
      | ^
Compilation failed
5461b68
Fri 15 Sep 2023 08:22:43 PM UTC: 
 treemap.c | 2 +-
 1 file changed, 1 insertion(+), 1 deletion(-)
 tests:  12|4
total_score: 20/70
9aef023
Fri 15 Sep 2023 08:24:56 PM UTC: 
 treemap.c | 10 +++++++++-
 1 file changed, 9 insertions(+), 1 deletion(-)
In file included from test.c:4:
treemap.c: In function ‘nextTreeMap’:
treemap.c:174:37: error: expected ‘;’ before ‘}’ token
  174 |       return tree -> current -> pair
      |                                     ^
      |                                     ;
  175 |     }
      |     ~                                
Compilation failed
a9b5faa
Fri 15 Sep 2023 08:25:07 PM UTC: 
 treemap.c | 2 +-
 1 file changed, 1 insertion(+), 1 deletion(-)
 tests:  14|4
total_score: 25/70
86414db
Fri 15 Sep 2023 08:32:52 PM UTC: 
 treemap.c | 10 ++++++++++
 1 file changed, 10 insertions(+)
 tests:  14|4
total_score: 25/70
83d9284
Fri 15 Sep 2023 08:33:57 PM UTC: 
 treemap.c | 5 +++++
 1 file changed, 5 insertions(+)
 tests:  17|3
total_score: 35/70
9f90197
Fri 15 Sep 2023 08:37:39 PM UTC: 
 treemap.c | 23 +++++++++++++++++++++--
 1 file changed, 21 insertions(+), 2 deletions(-)
In file included from test.c:4:
treemap.c: In function ‘upperBound’:
treemap.c:154:14: error: unused variable ‘upperBoundNode’ [-Werror=unused-variable]
  154 |   TreeNode * upperBoundNode = NULL;
      |              ^~~~~~~~~~~~~~
cc1: all warnings being treated as errors
Compilation failed
9e6e8c0
Fri 15 Sep 2023 08:38:50 PM UTC: 
 treemap.c | 2 +-
 1 file changed, 1 insertion(+), 1 deletion(-)
In file included from test.c:4:
treemap.c: In function ‘upperBound’:
treemap.c:154:14: error: unused variable ‘upperBoundNode’ [-Werror=unused-variable]
  154 |   TreeNode * upperBoundNode = NULL;
      |              ^~~~~~~~~~~~~~
cc1: all warnings being treated as errors
Compilation failed
7c00768
Fri 15 Sep 2023 08:39:08 PM UTC: 
 treemap.c | 2 +-
 1 file changed, 1 insertion(+), 1 deletion(-)
In file included from test.c:4:
treemap.c: In function ‘upperBound’:
treemap.c:154:14: error: unused variable ‘upperBoundNode’ [-Werror=unused-variable]
  154 |   TreeNode * upperBoundNode = NULL;
      |              ^~~~~~~~~~~~~~
cc1: all warnings being treated as errors
Compilation failed
c92b29b
Fri 15 Sep 2023 08:39:37 PM UTC: 
 treemap.c | 2 +-
 1 file changed, 1 insertion(+), 1 deletion(-)
In file included from test.c:4:
treemap.c: In function ‘upperBound’:
treemap.c:154:4: error: invalid preprocessing directive #TreeNode
  154 |   #TreeNode * upperBoundNode = NULL;
      |    ^~~~~~~~
Compilation failed
a6b4ab2
Fri 15 Sep 2023 09:30:26 PM UTC: 
 treemap.c | 2 +-
 1 file changed, 1 insertion(+), 1 deletion(-)
In file included from test.c:4:
treemap.c: In function ‘upperBound’:
treemap.c:154:4: error: invalid preprocessing directive #TreeNode
  154 |   #TreeNode * upperBoundNode = NULL;
      |    ^~~~~~~~
Compilation failed
2504eda
Fri 15 Sep 2023 09:30:42 PM UTC: 
 treemap.c | 2 +-
 1 file changed, 1 insertion(+), 1 deletion(-)
 tests:  17|3
total_score: 35/70
6add7a0
Fri 15 Sep 2023 09:30:56 PM UTC: 
 treemap.c | 4 ++--
 1 file changed, 2 insertions(+), 2 deletions(-)
In file included from test.c:4:
treemap.c: In function ‘upperBound’:
treemap.c:168:28: error: ‘TreeNode’ has no member named ‘upperBoundNode’
  168 |         return currentNode -> upperBoundNode;
      |                            ^~
treemap.c:154:14: error: unused variable ‘upperBoundNode’ [-Werror=unused-variable]
  154 |   TreeNode * upperBoundNode = NULL;
      |              ^~~~~~~~~~~~~~
cc1: all warnings being treated as errors
Compilation failed
c8c1f0a
Fri 15 Sep 2023 10:40:33 PM UTC: 
 treemap.c | 19 -------------------
 1 file changed, 19 deletions(-)
In file included from test.c:4:
treemap.c: In function ‘upperBound’:
treemap.c:154:1: error: control reaches end of non-void function [-Werror=return-type]
  154 | }
      | ^
cc1: all warnings being treated as errors
Compilation failed
754bab2
Fri 15 Sep 2023 10:40:51 PM UTC: 
 treemap.c | 2 +-
 1 file changed, 1 insertion(+), 1 deletion(-)
 tests:  17|3
total_score: 35/70
f8e8e0d
Fri 15 Sep 2023 10:57:38 PM UTC: 
 treemap.c | 26 ++++++++++++++++++++++++++
 1 file changed, 26 insertions(+)
In file included from test.c:4:
treemap.c: In function ‘upperBound’:
treemap.c:155:14: error: variable ‘ub_node’ set but not used [-Werror=unused-but-set-variable]
  155 |   TreeNode * ub_node = NULL;
      |              ^~~~~~~
cc1: all warnings being treated as errors
Compilation failed
4346eca
Fri 15 Sep 2023 10:57:56 PM UTC: 
 treemap.c | 3 ---
 1 file changed, 3 deletions(-)
 tests:  17|3
total_score: 35/70
ff14ba8
Fri 15 Sep 2023 11:05:13 PM UTC: 
 treemap.c | 10 ++++++++--
 1 file changed, 8 insertions(+), 2 deletions(-)
 tests:  17|3
total_score: 35/70
3fcd009
Fri 15 Sep 2023 11:10:24 PM UTC: 
 treemap.c | 1 -
 1 file changed, 1 deletion(-)
 tests:  17|3
total_score: 35/70
0d6ddcf
Fri 15 Sep 2023 11:15:56 PM UTC: 
 treemap.c | 16 ++++++++--------
 1 file changed, 8 insertions(+), 8 deletions(-)
In file included from test.c:4:
treemap.c: In function ‘upperBound’:
treemap.c:157:8: error: implicit declaration of function ‘lower_that’ [-Werror=implicit-function-declaration]
  157 |     if(lower_that(key, currentNode -> pair -> key))
      |        ^~~~~~~~~~
treemap.c:182:1: error: control reaches end of non-void function [-Werror=return-type]
  182 | }
      | ^
cc1: all warnings being treated as errors
Compilation failed
883201c
Fri 15 Sep 2023 11:16:55 PM UTC: 
 treemap.c | 4 +++-
 1 file changed, 3 insertions(+), 1 deletion(-)
In file included from test.c:4:
treemap.c: In function ‘upperBound’:
treemap.c:159:8: error: expected expression before ‘int’
  159 |     if(int valor = lower_that(key, currentNode -> pair -> key) < 0)
      |        ^~~
treemap.c:165:10: error: implicit declaration of function ‘lower_that’ [-Werror=implicit-function-declaration]
  165 |       if(lower_that(currentNode -> pair -> key, key))
      |          ^~~~~~~~~~
treemap.c:184:1: error: control reaches end of non-void function [-Werror=return-type]
  184 | }
      | ^
cc1: all warnings being treated as errors
Compilation failed
96bb2d7
Fri 15 Sep 2023 11:17:18 PM UTC: 
 treemap.c | 36 ++++++++++++++----------------------
 1 file changed, 14 insertions(+), 22 deletions(-)
 tests:  21|2
total_score: 45/70
3e13188
Fri 15 Sep 2023 11:17:31 PM UTC: 
 treemap.c | 36 ++++++++++++++++++++++--------------
 1 file changed, 22 insertions(+), 14 deletions(-)
In file included from test.c:4:
treemap.c: In function ‘upperBound’:
treemap.c:159:8: error: expected expression before ‘int’
  159 |     if(int valor = lower_that(key, currentNode -> pair -> key) < 0)
      |        ^~~
treemap.c:165:10: error: implicit declaration of function ‘lower_that’ [-Werror=implicit-function-declaration]
  165 |       if(lower_that(currentNode -> pair -> key, key))
      |          ^~~~~~~~~~
treemap.c:184:1: error: control reaches end of non-void function [-Werror=return-type]
  184 | }
      | ^
cc1: all warnings being treated as errors
Compilation failed
0f5f554
Fri 15 Sep 2023 11:20:27 PM UTC: 
 treemap.c | 4 ++--
 1 file changed, 2 insertions(+), 2 deletions(-)
In file included from test.c:4:
treemap.c: In function ‘upperBound’:
treemap.c:165:18: error: ‘TreeMap’ has no member named ‘lower_that’; did you mean ‘lower_than’?
  165 |       if(tree -> lower_that(currentNode -> pair -> key, key))
      |                  ^~~~~~~~~~
      |                  lower_than
treemap.c:184:1: error: control reaches end of non-void function [-Werror=return-type]
  184 | }
      | ^
cc1: all warnings being treated as errors
Compilation failed
aeaa12d
Fri 15 Sep 2023 11:27:45 PM UTC: 
 treemap.c | 7 ++-----
 1 file changed, 2 insertions(+), 5 deletions(-)
In file included from test.c:4:
treemap.c: In function ‘upperBound’:
treemap.c:162:18: error: ‘TreeMap’ has no member named ‘lower_that’; did you mean ‘lower_than’?
  162 |       if(tree -> lower_that(currentNode -> pair -> key, key))
      |                  ^~~~~~~~~~
      |                  lower_than
treemap.c:181:1: error: control reaches end of non-void function [-Werror=return-type]
  181 | }
      | ^
cc1: all warnings being treated as errors
Compilation failed
aeaa12d
Fri 15 Sep 2023 11:28:00 PM UTC: 
 treemap.c | 2 +-
 1 file changed, 1 insertion(+), 1 deletion(-)
In file included from test.c:4:
treemap.c: In function ‘upperBound’:
treemap.c:162:18: error: ‘TreeMap’ has no member named ‘lower_that’; did you mean ‘lower_than’?
  162 |       if(tree -> lower_that(currentNode -> pair -> key, key) == 1)
      |                  ^~~~~~~~~~
      |                  lower_than
treemap.c:181:1: error: control reaches end of non-void function [-Werror=return-type]
  181 | }
      | ^
cc1: all warnings being treated as errors
Compilation failed
4543231
Fri 15 Sep 2023 11:37:39 PM UTC: 
 treemap.c | 21 ++++++++++++++++++++-
 1 file changed, 20 insertions(+), 1 deletion(-)
In file included from test.c:4:
treemap.c: In function ‘removeNode’:
treemap.c:116:28: error: ‘TreeNode’ has no member named ‘letf’; did you mean ‘left’?
  116 |       if(node -> parent -> letf == node)
      |                            ^~~~
      |                            left
treemap.c:128:5: error: expected ‘;’ before ‘}’ token
  128 |     }
      |     ^
treemap.c:131:3: error: expected expression before ‘}’ token
  131 |   }
      |   ^
treemap.c:131:3: error: ‘return’ with a value, in function returning void [-Werror=return-type]
treemap.c:110:6: note: declared here
  110 | void removeNode(TreeMap * tree, TreeNode* node)
      |      ^~~~~~~~~~
treemap.c: In function ‘upperBound’:
treemap.c:179:18: error: ‘TreeMap’ has no member named ‘lower_that’; did you mean ‘lower_than’?
  179 |       if(tree -> lower_that(currentNode -> pair -> key, key) == 1)
      |                  ^~~~~~~~~~
      |                  lower_than
treemap.c:198:1: error: control reaches end of non-void function [-Werror=return-type]
  198 | }
      | ^
cc1: all warnings being treated as errors
Compilation failed
16e42e6
Fri 15 Sep 2023 11:38:13 PM UTC: 
 treemap.c | 4 ++--
 1 file changed, 2 insertions(+), 2 deletions(-)
In file included from test.c:4:
treemap.c: In function ‘removeNode’:
treemap.c:116:28: error: ‘TreeNode’ has no member named ‘letf’; did you mean ‘left’?
  116 |       if(node -> parent -> letf == node)
      |                            ^~~~
      |                            left
treemap.c:129:3: error: expected ‘;’ before ‘}’ token
  129 |   }
      |   ^
treemap.c: In function ‘upperBound’:
treemap.c:179:18: error: ‘TreeMap’ has no member named ‘lower_that’; did you mean ‘lower_than’?
  179 |       if(tree -> lower_that(currentNode -> pair -> key, key) == 1)
      |                  ^~~~~~~~~~
      |                  lower_than
treemap.c:198:1: error: control reaches end of non-void function [-Werror=return-type]
  198 | }
      | ^
cc1: all warnings being treated as errors
Compilation failed
7ee311f
Fri 15 Sep 2023 11:38:24 PM UTC: 
 treemap.c | 2 +-
 1 file changed, 1 insertion(+), 1 deletion(-)
In file included from test.c:4:
treemap.c: In function ‘removeNode’:
treemap.c:129:3: error: expected ‘;’ before ‘}’ token
  129 |   }
      |   ^
treemap.c: In function ‘upperBound’:
treemap.c:179:18: error: ‘TreeMap’ has no member named ‘lower_that’; did you mean ‘lower_than’?
  179 |       if(tree -> lower_that(currentNode -> pair -> key, key) == 1)
      |                  ^~~~~~~~~~
      |                  lower_than
treemap.c:198:1: error: control reaches end of non-void function [-Werror=return-type]
  198 | }
      | ^
cc1: all warnings being treated as errors
Compilation failed
25ec31f
Fri 15 Sep 2023 11:39:09 PM UTC: 
 treemap.c | 2 +-
 1 file changed, 1 insertion(+), 1 deletion(-)
In file included from test.c:4:
treemap.c: In function ‘upperBound’:
treemap.c:179:18: error: ‘TreeMap’ has no member named ‘lower_that’; did you mean ‘lower_than’?
  179 |       if(tree -> lower_that(currentNode -> pair -> key, key) == 1)
      |                  ^~~~~~~~~~
      |                  lower_than
treemap.c:198:1: error: control reaches end of non-void function [-Werror=return-type]
  198 | }
      | ^
cc1: all warnings being treated as errors
Compilation failed
655cad5
Fri 15 Sep 2023 11:39:27 PM UTC: 
 treemap.c | 2 +-
 1 file changed, 1 insertion(+), 1 deletion(-)
In file included from test.c:4:
treemap.c: In function ‘upperBound’:
treemap.c:198:1: error: control reaches end of non-void function [-Werror=return-type]
  198 | }
      | ^
cc1: all warnings being treated as errors
Compilation failed
8a2ec1e
Fri 15 Sep 2023 11:40:17 PM UTC: 
 treemap.c | 2 +-
 1 file changed, 1 insertion(+), 1 deletion(-)
test.c: In function ‘upperBound’:
test.c:503:5: error: ‘main’ is normally a non-static function [-Werror=main]
  503 | int main( int argc, char *argv[] ) {
      |     ^~~~
test.c:606:1: error: expected declaration or statement at end of input
  606 | }
      | ^
test.c:607: error: control reaches end of non-void function [-Werror=return-type]
At top level:
test.c:503:5: error: ‘main’ defined but not used [-Werror=unused-function]
  503 | int main( int argc, char *argv[] ) {
      |     ^~~~
cc1: all warnings being treated as errors
Compilation failed
912af0c
Fri 15 Sep 2023 11:40:47 PM UTC: 
 treemap.c | 2 +-
 1 file changed, 1 insertion(+), 1 deletion(-)
In file included from test.c:4:
treemap.c: In function ‘upperBound’:
treemap.c:198:1: error: control reaches end of non-void function [-Werror=return-type]
  198 | }
      | ^
cc1: all warnings being treated as errors
Compilation failed
3cf4ab1
Fri 15 Sep 2023 11:41:40 PM UTC: 
 treemap.c | 2 +-
 1 file changed, 1 insertion(+), 1 deletion(-)
In file included from test.c:4:
treemap.c: In function ‘upperBound’:
treemap.c:179:18: error: ‘TreeMap’ has no member named ‘lower_tha’; did you mean ‘lower_than’?
  179 |       if(tree -> lower_tha(currentNode -> pair -> key, key) == 1)
      |                  ^~~~~~~~~
      |                  lower_than
treemap.c:198:1: error: control reaches end of non-void function [-Werror=return-type]
  198 | }
      | ^
cc1: all warnings being treated as errors
Compilation failed
b96e872
Fri 15 Sep 2023 11:42:47 PM UTC: 
 treemap.c | 6 +++---
 1 file changed, 3 insertions(+), 3 deletions(-)
In file included from test.c:4:
treemap.c: In function ‘removeNode’:
treemap.c:116:28: error: ‘TreeNode’ has no member named ‘letf’; did you mean ‘left’?
  116 |       if(node -> parent -> letf == node)
      |                            ^~~~
      |                            left
treemap.c:129:3: error: expected ‘;’ before ‘}’ token
  129 |   }
      |   ^
treemap.c: In function ‘upperBound’:
treemap.c:198:1: error: control reaches end of non-void function [-Werror=return-type]
  198 | }
      | ^
cc1: all warnings being treated as errors
Compilation failed
66568f0
Fri 15 Sep 2023 11:43:12 PM UTC: 
 treemap.c | 21 +--------------------
 1 file changed, 1 insertion(+), 20 deletions(-)
In file included from test.c:4:
treemap.c: In function ‘upperBound’:
treemap.c:179:1: error: control reaches end of non-void function [-Werror=return-type]
  179 | }
      | ^
cc1: all warnings being treated as errors
Compilation failed
d5d7a4a
Fri 15 Sep 2023 11:51:36 PM UTC: 
 treemap.c | 21 ++++++++++++++++++++-
 1 file changed, 20 insertions(+), 1 deletion(-)
In file included from test.c:4:
treemap.c: In function ‘upperBound’:
treemap.c:198:1: error: control reaches end of non-void function [-Werror=return-type]
  198 | }
      | ^
cc1: all warnings being treated as errors
Compilation failed
ab67d44
Fri 15 Sep 2023 11:57:19 PM UTC: 
 treemap.c | 28 ++++++++++++++++++++++++++++
 1 file changed, 28 insertions(+)
In file included from test.c:4:
treemap.c: In function ‘removeNode’:
treemap.c:150:20: error: ‘aux’ undeclared (first use in this function)
  150 |     tree -> root = aux;
      |                    ^~~
treemap.c:150:20: note: each undeclared identifier is reported only once for each function it appears in
treemap.c: In function ‘upperBound’:
treemap.c:226:1: error: control reaches end of non-void function [-Werror=return-type]
  226 | }
      | ^
cc1: all warnings being treated as errors
Compilation failed
cca6893
Sat 16 Sep 2023 12:01:05 AM UTC: 
 treemap.c | 30 ------------------------------
 1 file changed, 30 deletions(-)
In file included from test.c:4:
treemap.c: In function ‘upperBound’:
treemap.c:196:1: error: control reaches end of non-void function [-Werror=return-type]
  196 | }
      | ^
cc1: all warnings being treated as errors
Compilation failed
b031282
Sat 16 Sep 2023 12:04:37 AM UTC: 
 treemap.c | 30 ++++++++++++++++++++++++++----
 1 file changed, 26 insertions(+), 4 deletions(-)
In file included from test.c:4:
treemap.c: In function ‘upperBound’:
treemap.c:218:1: error: control reaches end of non-void function [-Werror=return-type]
  218 | }
      | ^
cc1: all warnings being treated as errors
Compilation failed
91584de
Sat 16 Sep 2023 12:08:22 AM UTC: 
 treemap.c | 58 ++++++++++++++++++++++++++++++++--------------------------
 1 file changed, 32 insertions(+), 26 deletions(-)
In file included from test.c:4:
treemap.c: In function ‘removeNode’:
treemap.c:111:1: error: expected declaration specifiers before ‘if’
  111 | if (tree == NULL || node == NULL) {
      | ^~
treemap.c:116:5: error: expected declaration specifiers before ‘if’
  116 |     if (node->left == NULL && node->right == NULL) {
      |     ^~
treemap.c:133:5: error: expected declaration specifiers before ‘else’
  133 |     else if (node->left != NULL && node->right == NULL) {
      |     ^~~~
treemap.c:153:5: error: expected declaration specifiers before ‘else’
  153 |     else {
      |     ^~~~
treemap.c:160:1: error: expected ‘=’, ‘,’, ‘;’, ‘asm’ or ‘__attribute__’ before ‘{’ token
  160 | {
      | ^
treemap.c:168:1: error: expected ‘=’, ‘,’, ‘;’, ‘asm’ or ‘__attribute__’ before ‘{’ token
  168 | {
      | ^
treemap.c:192:1: error: expected ‘=’, ‘,’, ‘;’, ‘asm’ or ‘__attribute__’ before ‘{’ token
  192 | {
      | ^
treemap.c:226:1: error: expected ‘=’, ‘,’, ‘;’, ‘asm’ or ‘__attribute__’ before ‘{’ token
  226 | {
      | ^
treemap.c:236:1: error: expected ‘=’, ‘,’, ‘;’, ‘asm’ or ‘__attribute__’ before ‘{’ token
  236 | {
      | ^
test.c:6:34: error: expected ‘=’, ‘,’, ‘;’, ‘asm’ or ‘__attribute__’ before ‘{’ token
    6 | char * _strdup(const char * str) {
      |                                  ^
test.c:13:1: error: parameter ‘test_id’ is initialized
   13 | int test_id = -1;
      | ^~~
test.c:16:14: error: expected ‘=’, ‘,’, ‘;’, ‘asm’ or ‘__attribute__’ before ‘{’ token
   16 | int success(){
      |              ^
test.c:21:24: error: expected ‘=’, ‘,’, ‘;’, ‘asm’ or ‘__attribute__’ before ‘{’ token
   21 | void err_msg(char* msg){
      |                        ^
test.c:28:23: error: expected ‘=’, ‘,’, ‘;’, ‘asm’ or ‘__attribute__’ before ‘{’ token
   28 | void ok_msg(char* msg){
      |                       ^
test.c:34:25: error: expected ‘=’, ‘,’, ‘;’, ‘asm’ or ‘__attribute__’ before ‘{’ token
   34 | void info_msg(char* msg){
      |                         ^
test.c:42:2: error: storage class specified for parameter ‘Palabra’
   42 | }Palabra;
      |  ^~~~~~~
test.c:44:1: error: expected declaration specifiers before ‘Palabra’
   44 | Palabra* creaPalabra(int id, char* word){
      | ^~~~~~~
test.c:52:43: error: expected ‘=’, ‘,’, ‘;’, ‘asm’ or ‘__attribute__’ before ‘{’ token
   52 | int lower_than_int(void* key1, void* key2){
      |                                           ^
test.c:58:26: error: expected ‘=’, ‘,’, ‘;’, ‘asm’ or ‘__attribute__’ before ‘{’ token
   58 | TreeMap* initializeTree(){
      |                          ^
test.c:76:19: error: expected ‘=’, ‘,’, ‘;’, ‘asm’ or ‘__attribute__’ before ‘{’ token
   76 | int create_test1(){
      |                   ^
test.c:101:32: error: expected ‘=’, ‘,’, ‘;’, ‘asm’ or ‘__attribute__’ before ‘{’ token
  101 | int search_test1(TreeMap* tree){ //key se encuentra en raiz
      |                                ^
test.c:120:32: error: expected ‘=’, ‘,’, ‘;’, ‘asm’ or ‘__attribute__’ before ‘{’ token
  120 | int search_test2(TreeMap* tree){ //key en root->right
      |                                ^
test.c:139:32: error: expected ‘=’, ‘,’, ‘;’, ‘asm’ or ‘__attribute__’ before ‘{’ token
  139 | int search_test3(TreeMap* tree){ //key en root->right->left
      |                                ^
test.c:159:32: error: expected ‘=’, ‘,’, ‘;’, ‘asm’ or ‘__attribute__’ before ‘{’ token
  159 | int search_test4(TreeMap* tree){ //key no existe
      |                                ^
test.c:173:32: error: expected ‘=’, ‘,’, ‘;’, ‘asm’ or ‘__attribute__’ before ‘{’ token
  173 | int insert_test1(TreeMap* tree){//dato repetido
      |                                ^
test.c:187:19: error: expected ‘=’, ‘,’, ‘;’, ‘asm’ or ‘__attribute__’ before ‘{’ token
  187 | int insert_test2(){
      |                   ^
test.c:223:19: error: expected ‘=’, ‘,’, ‘;’, ‘asm’ or ‘__attribute__’ before ‘{’ token
  223 | int minimum_test(){
      |                   ^
test.c:262:18: error: expected ‘=’, ‘,’, ‘;’, ‘asm’ or ‘__attribute__’ before ‘{’ token
  262 | int erase_test1(){//nodo sin hijos
      |                  ^
test.c:276:18: error: expected ‘=’, ‘,’, ‘;’, ‘asm’ or ‘__attribute__’ before ‘{’ token
  276 | int erase_test2(){//nodo con un hijo
      |                  ^
test.c:297:18: error: expected ‘=’, ‘,’, ‘;’, ‘asm’ or ‘__attribute__’ before ‘{’ token
  297 | int erase_test3(){//nodo con dos hijos
      |                  ^
test.c:317:32: error: expected ‘=’, ‘,’, ‘;’, ‘asm’ or ‘__attribute__’ before ‘{’ token
  317 | int first_test1(TreeMap * tree){
      |                                ^
test.c:333:18: error: expected ‘=’, ‘,’, ‘;’, ‘asm’ or ‘__attribute__’ before ‘{’ token
  333 | int first_test2(){ //debes iterar
      |                  ^
test.c:351:17: error: expected ‘=’, ‘,’, ‘;’, ‘asm’ or ‘__attribute__’ before ‘{’ token
  351 | int next_test1(){ //caso1: current tiene hijo derecho
      |                 ^
test.c:376:17: error: expected ‘=’, ‘,’, ‘;’, ‘asm’ or ‘__attribute__’ before ‘{’ token
  376 | int next_test2(){ //caso1: current tiene hijo derecho
      |                 ^
test.c:405:17: error: expected ‘=’, ‘,’, ‘;’, ‘asm’ or ‘__attribute__’ before ‘{’ token
  405 | int next_test3(){ //caso2: current sin hijo derecho
      |                 ^
test.c:425:28: error: expected ‘=’, ‘,’, ‘;’, ‘asm’ or ‘__attribute__’ before ‘{’ token
  425 | int ub_test1(TreeMap* tree){ //el dato existe
      |                            ^
test.c:445:28: error: expected ‘=’, ‘,’, ‘;’, ‘asm’ or ‘__attribute__’ before ‘{’ token
  445 | int ub_test2(TreeMap* tree){
      |                            ^
test.c:466:28: error: expected ‘=’, ‘,’, ‘;’, ‘asm’ or ‘__attribute__’ before ‘{’ token
  466 | int ub_test3(TreeMap* tree){
      |                            ^
test.c:487:28: error: expected ‘=’, ‘,’, ‘;’, ‘asm’ or ‘__attribute__’ before ‘{’ token
  487 | int ub_test4(TreeMap* tree){
      |                            ^
test.c:503:36: error: expected ‘=’, ‘,’, ‘;’, ‘asm’ or ‘__attribute__’ before ‘{’ token
  503 | int main( int argc, char *argv[] ) {
      |                                    ^
In file included from test.c:4:
treemap.c:110:6: error: old-style parameter declarations in prototyped function definition
  110 | void removeNode(TreeMap * tree, TreeNode* node)
      |      ^~~~~~~~~~
test.c:607: error: expected ‘{’ at end of input
Compilation failed
be0a5ab
Sat 16 Sep 2023 12:14:31 AM UTC: 
 treemap.c | 66 +++++++--------------------------------------------------------
 1 file changed, 7 insertions(+), 59 deletions(-)
In file included from test.c:4:
treemap.c: In function ‘upperBound’:
treemap.c:172:1: error: control reaches end of non-void function [-Werror=return-type]
  172 | }
      | ^
cc1: all warnings being treated as errors
Compilation failed
15ded4a
Sat 16 Sep 2023 12:16:26 AM UTC: 
 treemap.c | 16 ++++++++++++----
 1 file changed, 12 insertions(+), 4 deletions(-)
test.c: In function ‘searchTreeMap’:
test.c:503:5: error: ‘main’ is normally a non-static function [-Werror=main]
  503 | int main( int argc, char *argv[] ) {
      |     ^~~~
test.c:606:1: error: expected declaration or statement at end of input
  606 | }
      | ^
test.c:607: error: control reaches end of non-void function [-Werror=return-type]
At top level:
test.c:503:5: error: ‘main’ defined but not used [-Werror=unused-function]
  503 | int main( int argc, char *argv[] ) {
      |     ^~~~
cc1: all warnings being treated as errors
Compilation failed
c63b786
Sat 16 Sep 2023 12:16:56 AM UTC: 
 treemap.c | 26 +++++++++-----------------
 1 file changed, 9 insertions(+), 17 deletions(-)
In file included from test.c:4:
treemap.c: In function ‘upperBound’:
treemap.c:172:1: error: control reaches end of non-void function [-Werror=return-type]
  172 | }
      | ^
cc1: all warnings being treated as errors
Compilation failed
76d510f
Sat 16 Sep 2023 12:28:25 AM UTC: 
 treemap.c | 77 +++++++++++++++++++++++++++++++++++++++++++++++++++++----------
 1 file changed, 65 insertions(+), 12 deletions(-)
In file included from test.c:4:
treemap.c: In function ‘upperBound’:
treemap.c:225:1: error: control reaches end of non-void function [-Werror=return-type]
  225 | }
      | ^
cc1: all warnings being treated as errors
Compilation failed
c9c41eb
Sat 16 Sep 2023 12:29:59 AM UTC: 
 treemap.c | 1 -
 1 file changed, 1 deletion(-)
In file included from test.c:4:
treemap.c: In function ‘upperBound’:
treemap.c:222:1: error: control reaches end of non-void function [-Werror=return-type]
  222 | }
      | ^
cc1: all warnings being treated as errors
Compilation failed
eed6ac1
Sat 16 Sep 2023 02:36:22 AM UTC: 
 treemap.c | 21 ++++++++++-----------
 1 file changed, 10 insertions(+), 11 deletions(-)
In file included from test.c:4:
treemap.c: In function ‘upperBound’:
treemap.c:221:1: error: control reaches end of non-void function [-Werror=return-type]
  221 | }
      | ^
cc1: all warnings being treated as errors
Compilation failed
acd64b7
Sat 16 Sep 2023 02:37:04 AM UTC: 
 treemap.c | 21 +++++++++++----------
 1 file changed, 11 insertions(+), 10 deletions(-)
In file included from test.c:4:
treemap.c: In function ‘upperBound’:
treemap.c:222:1: error: control reaches end of non-void function [-Werror=return-type]
  222 | }
      | ^
cc1: all warnings being treated as errors
Compilation failed
94e03c6
